Build started 06/12/2012 08:11:52 p.m..
     1>Project "F:\Carpetas de Usuario\Mis Documentos\Visual Studio 2010\Projects\C++\Roulette\Roulette\Roulette.vcxproj" on node 2 (build target(s)).
     1>InitializeBuildStatus:
         Touching "Debug\Roulette.unsuccessfulbuild".
       ClCompile:
         f:\Utilidades x86\Microsoft Visual Studio 2010\VC\bin\CL.exe /c /ZI /nologo /W3 /WX- /Od /Oy- /D SFML_STATIC /D WIN32 /D _DEBUG /D _CONSOLE /D _UNICODE /D UNICODE /Gm /EHsc /RTC1 /MDd /GS /fp:precise /Zc:wchar_t /Zc:forScope /Fo"Debug\\" /Fd"Debug\vc100.pdb" /Gd /TP /analyze- /errorReport:prompt ..\..\..\..\..\Programacion\C++\Ruleta\main.cpp
         main.cpp
     1>f:\carpetas de usuario\mis documentos\programacion\c++\ruleta\main.cpp(252): warning C4305: 'argument' : truncation from 'double' to 'float'
     1>f:\carpetas de usuario\mis documentos\programacion\c++\ruleta\main.cpp(318): warning C4305: 'argument' : truncation from 'double' to 'float'
     1>f:\carpetas de usuario\mis documentos\programacion\c++\ruleta\main.cpp(396): warning C4305: 'argument' : truncation from 'double' to 'float'
     1>f:\carpetas de usuario\mis documentos\programacion\c++\ruleta\main.cpp(403): warning C4305: 'argument' : truncation from 'double' to 'float'
     1>f:\carpetas de usuario\mis documentos\programacion\c++\ruleta\main.cpp(499): warning C4305: 'argument' : truncation from 'double' to 'float'
     1>f:\carpetas de usuario\mis documentos\programacion\c++\ruleta\main.cpp(506): warning C4305: 'argument' : truncation from 'double' to 'float'
     1>f:\carpetas de usuario\mis documentos\programacion\c++\ruleta\main.cpp(599): warning C4305: 'argument' : truncation from 'double' to 'float'
     1>f:\carpetas de usuario\mis documentos\programacion\c++\ruleta\main.cpp(650): warning C4390: ';' : empty controlled statement found; is this the intent?
     1>f:\carpetas de usuario\mis documentos\programacion\c++\ruleta\main.cpp(652): warning C4390: ';' : empty controlled statement found; is this the intent?
     1>f:\carpetas de usuario\mis documentos\programacion\c++\ruleta\main.cpp(745): warning C4305: 'argument' : truncation from 'double' to 'float'
     1>f:\carpetas de usuario\mis documentos\programacion\c++\ruleta\main.cpp(752): warning C4305: 'argument' : truncation from 'double' to 'float'
     1>f:\carpetas de usuario\mis documentos\programacion\c++\ruleta\main.cpp(869): warning C4305: 'argument' : truncation from 'double' to 'float'
     1>f:\carpetas de usuario\mis documentos\programacion\c++\ruleta\main.cpp(874): warning C4305: 'argument' : truncation from 'double' to 'float'
     1>f:\carpetas de usuario\mis documentos\programacion\c++\ruleta\main.cpp(895): warning C4305: 'argument' : truncation from 'double' to 'float'
     1>f:\carpetas de usuario\mis documentos\programacion\c++\ruleta\main.cpp(901): warning C4305: 'argument' : truncation from 'double' to 'float'
     1>f:\carpetas de usuario\mis documentos\programacion\c++\ruleta\main.cpp(909): warning C4305: 'argument' : truncation from 'double' to 'float'
     1>f:\carpetas de usuario\mis documentos\programacion\c++\ruleta\main.cpp(917): warning C4305: 'argument' : truncation from 'double' to 'float'
     1>f:\carpetas de usuario\mis documentos\programacion\c++\ruleta\main.cpp(925): warning C4305: 'argument' : truncation from 'double' to 'float'
     1>f:\carpetas de usuario\mis documentos\programacion\c++\ruleta\main.cpp(933): warning C4305: 'argument' : truncation from 'double' to 'float'
     1>f:\carpetas de usuario\mis documentos\programacion\c++\ruleta\main.cpp(941): warning C4305: 'argument' : truncation from 'double' to 'float'
     1>f:\carpetas de usuario\mis documentos\programacion\c++\ruleta\main.cpp(949): warning C4305: 'argument' : truncation from 'double' to 'float'
     1>f:\carpetas de usuario\mis documentos\programacion\c++\ruleta\main.cpp(957): warning C4305: 'argument' : truncation from 'double' to 'float'
     1>f:\carpetas de usuario\mis documentos\programacion\c++\ruleta\main.cpp(963): warning C4305: 'argument' : truncation from 'double' to 'float'
     1>f:\carpetas de usuario\mis documentos\programacion\c++\ruleta\main.cpp(976): warning C4305: 'argument' : truncation from 'double' to 'float'
     1>f:\carpetas de usuario\mis documentos\programacion\c++\ruleta\main.cpp(984): warning C4305: 'argument' : truncation from 'double' to 'float'
     1>f:\carpetas de usuario\mis documentos\programacion\c++\ruleta\main.cpp(992): warning C4305: 'argument' : truncation from 'double' to 'float'
     1>f:\carpetas de usuario\mis documentos\programacion\c++\ruleta\main.cpp(1000): warning C4305: 'argument' : truncation from 'double' to 'float'
     1>f:\carpetas de usuario\mis documentos\programacion\c++\ruleta\main.cpp(1008): warning C4305: 'argument' : truncation from 'double' to 'float'
     1>f:\carpetas de usuario\mis documentos\programacion\c++\ruleta\main.cpp(1016): warning C4305: 'argument' : truncation from 'double' to 'float'
     1>f:\carpetas de usuario\mis documentos\programacion\c++\ruleta\main.cpp(1024): warning C4305: 'argument' : truncation from 'double' to 'float'
     1>f:\carpetas de usuario\mis documentos\programacion\c++\ruleta\main.cpp(1035): warning C4305: 'argument' : truncation from 'double' to 'float'
     1>f:\carpetas de usuario\mis documentos\programacion\c++\ruleta\main.cpp(1047): warning C4305: 'argument' : truncation from 'double' to 'float'
     1>f:\carpetas de usuario\mis documentos\programacion\c++\ruleta\main.cpp(1056): warning C4305: 'argument' : truncation from 'double' to 'float'
     1>f:\carpetas de usuario\mis documentos\programacion\c++\ruleta\main.cpp(1071): warning C4305: 'argument' : truncation from 'double' to 'float'
     1>f:\carpetas de usuario\mis documentos\programacion\c++\ruleta\main.cpp(1080): warning C4305: 'argument' : truncation from 'double' to 'float'
     1>f:\carpetas de usuario\mis documentos\programacion\c++\ruleta\main.cpp(1092): warning C4305: 'argument' : truncation from 'double' to 'float'
     1>f:\carpetas de usuario\mis documentos\programacion\c++\ruleta\main.cpp(1098): warning C4305: 'argument' : truncation from 'double' to 'float'
     1>f:\carpetas de usuario\mis documentos\programacion\c++\ruleta\main.cpp(1104): warning C4305: 'argument' : truncation from 'double' to 'float'
     1>f:\carpetas de usuario\mis documentos\programacion\c++\ruleta\main.cpp(1110): warning C4305: 'argument' : truncation from 'double' to 'float'
     1>f:\carpetas de usuario\mis documentos\programacion\c++\ruleta\main.cpp(1116): warning C4305: 'argument' : truncation from 'double' to 'float'
     1>f:\carpetas de usuario\mis documentos\programacion\c++\ruleta\main.cpp(1122): warning C4305: 'argument' : truncation from 'double' to 'float'
     1>f:\carpetas de usuario\mis documentos\programacion\c++\ruleta\main.cpp(1128): warning C4305: 'argument' : truncation from 'double' to 'float'
     1>f:\carpetas de usuario\mis documentos\programacion\c++\ruleta\main.cpp(1134): warning C4305: 'argument' : truncation from 'double' to 'float'
     1>f:\carpetas de usuario\mis documentos\programacion\c++\ruleta\main.cpp(1140): warning C4305: 'argument' : truncation from 'double' to 'float'
     1>f:\carpetas de usuario\mis documentos\programacion\c++\ruleta\main.cpp(1149): warning C4305: 'argument' : truncation from 'double' to 'float'
     1>f:\carpetas de usuario\mis documentos\programacion\c++\ruleta\main.cpp(1162): warning C4244: 'argument' : conversion from 'int' to 'float', possible loss of data
     1>f:\carpetas de usuario\mis documentos\programacion\c++\ruleta\main.cpp(1162): warning C4244: 'argument' : conversion from 'int' to 'float', possible loss of data
     1>f:\carpetas de usuario\mis documentos\programacion\c++\ruleta\main.cpp(1164): warning C4244: 'argument' : conversion from 'int' to 'float', possible loss of data
     1>f:\carpetas de usuario\mis documentos\programacion\c++\ruleta\main.cpp(1164): warning C4244: 'argument' : conversion from 'int' to 'float', possible loss of data
     1>f:\carpetas de usuario\mis documentos\programacion\c++\ruleta\main.cpp(1170): warning C4244: 'argument' : conversion from 'int' to 'float', possible loss of data
     1>f:\carpetas de usuario\mis documentos\programacion\c++\ruleta\main.cpp(1170): warning C4244: 'argument' : conversion from 'int' to 'float', possible loss of data
     1>f:\carpetas de usuario\mis documentos\programacion\c++\ruleta\main.cpp(1172): warning C4244: 'argument' : conversion from 'int' to 'float', possible loss of data
     1>f:\carpetas de usuario\mis documentos\programacion\c++\ruleta\main.cpp(1172): warning C4244: 'argument' : conversion from 'int' to 'float', possible loss of data
     1>f:\carpetas de usuario\mis documentos\programacion\c++\ruleta\main.cpp(1177): warning C4244: 'argument' : conversion from 'int' to 'float', possible loss of data
     1>f:\carpetas de usuario\mis documentos\programacion\c++\ruleta\main.cpp(1177): warning C4244: 'argument' : conversion from 'int' to 'float', possible loss of data
     1>f:\carpetas de usuario\mis documentos\programacion\c++\ruleta\main.cpp(1179): warning C4244: 'argument' : conversion from 'int' to 'float', possible loss of data
     1>f:\carpetas de usuario\mis documentos\programacion\c++\ruleta\main.cpp(1179): warning C4244: 'argument' : conversion from 'int' to 'float', possible loss of data
     1>f:\carpetas de usuario\mis documentos\programacion\c++\ruleta\main.cpp(1183): warning C4244: 'argument' : conversion from 'int' to 'float', possible loss of data
     1>f:\carpetas de usuario\mis documentos\programacion\c++\ruleta\main.cpp(1183): warning C4244: 'argument' : conversion from 'int' to 'float', possible loss of data
     1>f:\carpetas de usuario\mis documentos\programacion\c++\ruleta\main.cpp(1185): warning C4244: 'argument' : conversion from 'int' to 'float', possible loss of data
     1>f:\carpetas de usuario\mis documentos\programacion\c++\ruleta\main.cpp(1185): warning C4244: 'argument' : conversion from 'int' to 'float', possible loss of data
     1>f:\carpetas de usuario\mis documentos\programacion\c++\ruleta\main.cpp(1198): warning C4305: 'argument' : truncation from 'double' to 'float'
     1>f:\carpetas de usuario\mis documentos\programacion\c++\ruleta\main.cpp(1213): warning C4244: 'argument' : conversion from 'int' to 'float', possible loss of data
     1>f:\carpetas de usuario\mis documentos\programacion\c++\ruleta\main.cpp(1215): warning C4244: 'argument' : conversion from 'int' to 'float', possible loss of data
     1>f:\carpetas de usuario\mis documentos\programacion\c++\ruleta\main.cpp(1242): warning C4305: 'argument' : truncation from 'double' to 'float'
     1>f:\carpetas de usuario\mis documentos\programacion\c++\ruleta\main.cpp(1278): warning C4305: 'argument' : truncation from 'double' to 'float'
     1>f:\carpetas de usuario\mis documentos\programacion\c++\ruleta\main.cpp(1339): warning C4305: 'argument' : truncation from 'double' to 'float'
     1>f:\carpetas de usuario\mis documentos\programacion\c++\ruleta\main.cpp(1346): warning C4305: 'argument' : truncation from 'double' to 'float'
     1>f:\carpetas de usuario\mis documentos\programacion\c++\ruleta\main.cpp(1356): warning C4305: 'argument' : truncation from 'double' to 'float'
     1>f:\carpetas de usuario\mis documentos\programacion\c++\ruleta\main.cpp(1366): warning C4305: 'argument' : truncation from 'double' to 'float'
     1>f:\carpetas de usuario\mis documentos\programacion\c++\ruleta\main.cpp(1376): warning C4305: 'argument' : truncation from 'double' to 'float'
     1>f:\carpetas de usuario\mis documentos\programacion\c++\ruleta\main.cpp(1386): warning C4305: 'argument' : truncation from 'double' to 'float'
     1>f:\carpetas de usuario\mis documentos\programacion\c++\ruleta\main.cpp(1396): warning C4305: 'argument' : truncation from 'double' to 'float'
     1>f:\carpetas de usuario\mis documentos\programacion\c++\ruleta\main.cpp(1406): warning C4305: 'argument' : truncation from 'double' to 'float'
     1>f:\carpetas de usuario\mis documentos\programacion\c++\ruleta\main.cpp(1416): warning C4305: 'argument' : truncation from 'double' to 'float'
     1>f:\carpetas de usuario\mis documentos\programacion\c++\ruleta\main.cpp(1426): warning C4305: 'argument' : truncation from 'double' to 'float'
     1>f:\carpetas de usuario\mis documentos\programacion\c++\ruleta\main.cpp(1436): warning C4305: 'argument' : truncation from 'double' to 'float'
     1>f:\carpetas de usuario\mis documentos\programacion\c++\ruleta\main.cpp(1446): warning C4305: 'argument' : truncation from 'double' to 'float'
     1>f:\carpetas de usuario\mis documentos\programacion\c++\ruleta\main.cpp(1463): warning C4305: 'argument' : truncation from 'double' to 'float'
     1>f:\carpetas de usuario\mis documentos\programacion\c++\ruleta\main.cpp(1565): warning C4244: '=' : conversion from 'double' to 'short', possible loss of data
     1>f:\carpetas de usuario\mis documentos\programacion\c++\ruleta\main.cpp(1571): warning C4244: '=' : conversion from 'double' to 'short', possible loss of data
     1>f:\carpetas de usuario\mis documentos\programacion\c++\ruleta\main.cpp(1576): warning C4244: '=' : conversion from 'double' to 'short', possible loss of data
     1>f:\carpetas de usuario\mis documentos\programacion\c++\ruleta\main.cpp(1665): warning C4244: 'argument' : conversion from 'time_t' to 'unsigned int', possible loss of data
     1>f:\carpetas de usuario\mis documentos\programacion\c++\ruleta\main.cpp(1783): warning C4390: ';' : empty controlled statement found; is this the intent?
     1>f:\carpetas de usuario\mis documentos\programacion\c++\ruleta\main.cpp(2044): warning C4244: 'argument' : conversion from 'int' to 'float', possible loss of data
     1>f:\carpetas de usuario\mis documentos\programacion\c++\ruleta\main.cpp(2052): warning C4244: 'argument' : conversion from 'double' to 'float', possible loss of data
     1>f:\carpetas de usuario\mis documentos\programacion\c++\ruleta\main.cpp(2054): warning C4244: 'argument' : conversion from 'double' to 'float', possible loss of data
     1>f:\carpetas de usuario\mis documentos\programacion\c++\ruleta\main.cpp(2054): warning C4244: 'argument' : conversion from 'double' to 'float', possible loss of data
     1>f:\carpetas de usuario\mis documentos\programacion\c++\ruleta\main.cpp(2055): warning C4244: 'argument' : conversion from 'int' to 'float', possible loss of data
     1>f:\carpetas de usuario\mis documentos\programacion\c++\ruleta\main.cpp(2062): warning C4305: 'argument' : truncation from 'double' to 'float'
     1>f:\carpetas de usuario\mis documentos\programacion\c++\ruleta\main.cpp(2065): warning C4305: 'argument' : truncation from 'double' to 'float'
     1>f:\carpetas de usuario\mis documentos\programacion\c++\ruleta\main.cpp(2077): warning C4244: '=' : conversion from 'double' to 'int', possible loss of data
     1>f:\carpetas de usuario\mis documentos\programacion\c++\ruleta\main.cpp(2189): warning C4305: 'argument' : truncation from 'double' to 'float'
     1>f:\carpetas de usuario\mis documentos\programacion\c++\ruleta\main.cpp(2193): warning C4305: 'argument' : truncation from 'double' to 'float'
     1>f:\carpetas de usuario\mis documentos\programacion\c++\ruleta\main.cpp(2216): warning C4305: 'argument' : truncation from 'double' to 'float'
     1>f:\carpetas de usuario\mis documentos\programacion\c++\ruleta\main.cpp(2219): warning C4305: 'argument' : truncation from 'double' to 'float'
       ManifestResourceCompile:
         All outputs are up-to-date.
       Link:
         f:\Utilidades x86\Microsoft Visual Studio 2010\VC\bin\link.exe /ERRORREPORT:PROMPT /OUT:"F:\Carpetas de Usuario\Mis Documentos\Visual Studio 2010\Projects\C++\Roulette\Debug\Roulette.exe" /INCREMENTAL /NOLOGO "sfml-system-s.lib" kernel32.lib user32.lib gdi32.lib winspool.lib comdlg32.lib advapi32.lib shell32.lib ole32.lib oleaut32.lib uuid.lib odbc32.lib odbccp32.lib /MANIFEST /ManifestFile:"Debug\Roulette.exe.intermediate.manifest" /MANIFESTUAC:"level='asInvoker' uiAccess='false'" /DEBUG /PDB:"F:\Carpetas de Usuario\Mis Documentos\Visual Studio 2010\Projects\C++\Roulette\Debug\Roulette.pdb" /SUBSYSTEM:CONSOLE /TLBID:1 /DYNAMICBASE /NXCOMPAT /IMPLIB:"F:\Carpetas de Usuario\Mis Documentos\Visual Studio 2010\Projects\C++\Roulette\Debug\Roulette.lib" /MACHINE:X86 Debug\Roulette.exe.embed.manifest.res
         Debug\main.obj
     1>LINK : warning LNK4098: defaultlib 'MSVCRT' conflicts with use of other libs; use /NODEFAULTLIB:library
     1>sfml-system-s.lib(Unicode.obj) : warning LNK4217: locally defined symbol ?_Getfacet@locale@std@@QBEPBVfacet@12@I@Z (public: class std::locale::facet const * __thiscall std::locale::_Getfacet(unsigned int)const ) imported in function "class std::ctype<wchar_t> const & __cdecl std::use_facet<class std::ctype<wchar_t> >(class std::locale const &)" (??$use_facet@V?$ctype@_W@std@@@std@@YAABV?$ctype@_W@0@ABVlocale@0@@Z)
     1>sfml-system-s.lib(Unicode.obj) : warning LNK4217: locally defined symbol ??1?$basic_string@DU?$char_traits@D@std@@V?$allocator@D@2@@std@@QAE@XZ (public: __thiscall std::basic_string<char,struct std::char_traits<char>,class std::allocator<char> >::~basic_string<char,struct std::char_traits<char>,class std::allocator<char> >(void)) imported in function __unwindfunclet$??BText@Unicode@sf@@QBE?AV?$basic_string@DU?$char_traits@D@std@@V?$allocator@D@2@@std@@XZ$0
     1>sfml-system-s.lib(Unicode.obj) : warning LNK4217: locally defined symbol ??0?$basic_string@DU?$char_traits@D@std@@V?$allocator@D@2@@std@@QAE@XZ (public: __thiscall std::basic_string<char,struct std::char_traits<char>,class std::allocator<char> >::basic_string<char,struct std::char_traits<char>,class std::allocator<char> >(void)) imported in function "public: __thiscall sf::Unicode::Text::operatorclass std::basic_string<char,struct std::char_traits<char>,class std::allocator<char> >(void)const " (??BText@Unicode@sf@@QBE?AV?$basic_string@DU?$char_traits@D@std@@V?$allocator@D@2@@std@@XZ)
     1>sfml-system-s.lib(Unicode.obj) : warning LNK4217: locally defined symbol ??1locale@std@@QAE@XZ (public: __thiscall std::locale::~locale(void)) imported in function "void __cdecl `private: static class std::locale const & __cdecl sf::Unicode::GetDefaultLocale(void)'::`2'::`dynamic atexit destructor for 'DefaultLocale''(void)" (??__FDefaultLocale@?1??GetDefaultLocale@Unicode@sf@@CAABVlocale@std@@XZ@YAXXZ)
     1>main.obj : error LNK2019: unresolved external symbol "public: virtual __thiscall sf::RenderWindow::~RenderWindow(void)" (??1RenderWindow@sf@@UAE@XZ) referenced in function "void __cdecl startGraphic(void)" (?startGraphic@@YAXXZ)
     1>main.obj : error LNK2019: unresolved external symbol "public: void __thiscall sf::Window::Display(void)" (?Display@Window@sf@@QAEXXZ) referenced in function "void __cdecl startGraphic(void)" (?startGraphic@@YAXXZ)
     1>main.obj : error LNK2019: unresolved external symbol "public: void __thiscall sf::RenderTarget::Clear(class sf::Color const &)" (?Clear@RenderTarget@sf@@QAEXABVColor@2@@Z) referenced in function "void __cdecl startGraphic(void)" (?startGraphic@@YAXXZ)
     1>main.obj : error LNK2019: unresolved external symbol "public: void __thiscall sf::RenderTarget::SetView(class sf::View const &)" (?SetView@RenderTarget@sf@@QAEXABVView@2@@Z) referenced in function "void __cdecl startGraphic(void)" (?startGraphic@@YAXXZ)
     1>main.obj : error LNK2019: unresolved external symbol "public: bool __thiscall sf::Input::IsKeyDown(enum sf::Key::Code)const " (?IsKeyDown@Input@sf@@QBE_NW4Code@Key@2@@Z) referenced in function "void __cdecl startGraphic(void)" (?startGraphic@@YAXXZ)
     1>main.obj : error LNK2019: unresolved external symbol "public: class sf::Input const & __thiscall sf::Window::GetInput(void)const " (?GetInput@Window@sf@@QBEABVInput@2@XZ) referenced in function "void __cdecl startGraphic(void)" (?startGraphic@@YAXXZ)
     1>main.obj : error LNK2019: unresolved external symbol "public: __thiscall sf::Image::~Image(void)" (??1Image@sf@@QAE@XZ) referenced in function "void __cdecl startGraphic(void)" (?startGraphic@@YAXXZ)
     1>main.obj : error LNK2019: unresolved external symbol "public: bool __thiscall sf::Image::SaveToFile(class std::basic_string<char,struct std::char_traits<char>,class std::allocator<char> > const &)const " (?SaveToFile@Image@sf@@QBE_NABV?$basic_string@DU?$char_traits@D@std@@V?$allocator@D@2@@std@@@Z) referenced in function "void __cdecl startGraphic(void)" (?startGraphic@@YAXXZ)
     1>main.obj : error LNK2019: unresolved external symbol "public: class sf::Image __thiscall sf::RenderWindow::Capture(void)const " (?Capture@RenderWindow@sf@@QBE?AVImage@2@XZ) referenced in function "void __cdecl startGraphic(void)" (?startGraphic@@YAXXZ)
     1>main.obj : error LNK2019: unresolved external symbol "public: bool __thiscall sf::Window::GetEvent(class sf::Event &)" (?GetEvent@Window@sf@@QAE_NAAVEvent@2@@Z) referenced in function "void __cdecl startGraphic(void)" (?startGraphic@@YAXXZ)
     1>main.obj : error LNK2019: unresolved external symbol "public: bool __thiscall sf::Window::IsOpened(void)const " (?IsOpened@Window@sf@@QBE_NXZ) referenced in function "void __cdecl startGraphic(void)" (?startGraphic@@YAXXZ)
     1>main.obj : error LNK2019: unresolved external symbol "public: __thiscall sf::View::View(class sf::Vector2<float> const &,class sf::Vector2<float> const &)" (??0View@sf@@QAE@ABV?$Vector2@M@1@0@Z) referenced in function "void __cdecl startGraphic(void)" (?startGraphic@@YAXXZ)
     1>main.obj : error LNK2019: unresolved external symbol "public: void __thiscall sf::Window::SetFramerateLimit(unsigned int)" (?SetFramerateLimit@Window@sf@@QAEXI@Z) referenced in function "void __cdecl startGraphic(void)" (?startGraphic@@YAXXZ)
     1>main.obj : error LNK2019: unresolved external symbol "public: void __thiscall sf::Window::UseVerticalSync(bool)" (?UseVerticalSync@Window@sf@@QAEX_N@Z) referenced in function "void __cdecl startGraphic(void)" (?startGraphic@@YAXXZ)
     1>main.obj : error LNK2019: unresolved external symbol "public: __thiscall sf::RenderWindow::RenderWindow(class sf::VideoMode,class std::basic_string<char,struct std::char_traits<char>,class std::allocator<char> > const &,unsigned long,struct sf::WindowSettings const &)" (??0RenderWindow@sf@@QAE@VVideoMode@1@ABV?$basic_string@DU?$char_traits@D@std@@V?$allocator@D@2@@std@@KABUWindowSettings@1@@Z) referenced in function "void __cdecl startGraphic(void)" (?startGraphic@@YAXXZ)
     1>main.obj : error LNK2019: unresolved external symbol "public: __thiscall sf::VideoMode::VideoMode(unsigned int,unsigned int,unsigned int)" (??0VideoMode@sf@@QAE@III@Z) referenced in function "void __cdecl startGraphic(void)" (?startGraphic@@YAXXZ)
     1>main.obj : error LNK2019: unresolved external symbol "public: static class sf::Shape __cdecl sf::Shape::Circle(float,float,float,class sf::Color const &,float,class sf::Color const &)" (?Circle@Shape@sf@@SA?AV12@MMMABVColor@2@M0@Z) referenced in function "void __cdecl startGraphic(void)" (?startGraphic@@YAXXZ)
     1>main.obj : error LNK2001: unresolved external symbol "public: static class sf::Color const sf::Color::Black" (?Black@Color@sf@@2V12@B)
     1>main.obj : error LNK2019: unresolved external symbol "public: void __thiscall sf::Drawable::Move(float,float)" (?Move@Drawable@sf@@QAEXMM@Z) referenced in function "void __cdecl startGraphic(void)" (?startGraphic@@YAXXZ)
     1>main.obj : error LNK2019: unresolved external symbol "public: void __thiscall sf::Sprite::Resize(float,float)" (?Resize@Sprite@sf@@QAEXMM@Z) referenced in function "void __cdecl startGraphic(void)" (?startGraphic@@YAXXZ)
     1>main.obj : error LNK2019: unresolved external symbol "public: __thiscall sf::Sprite::Sprite(class sf::Image const &,class sf::Vector2<float> const &,class sf::Vector2<float> const &,float,class sf::Color const &)" (??0Sprite@sf@@QAE@ABVImage@1@ABV?$Vector2@M@1@1MABVColor@1@@Z) referenced in function "void __cdecl startGraphic(void)" (?startGraphic@@YAXXZ)
     1>main.obj : error LNK2019: unresolved external symbol "public: __thiscall sf::Color::Color(unsigned char,unsigned char,unsigned char,unsigned char)" (??0Color@sf@@QAE@EEEE@Z) referenced in function "void __cdecl startGraphic(void)" (?startGraphic@@YAXXZ)
     1>main.obj : error LNK2019: unresolved external symbol "public: bool __thiscall sf::Image::LoadFromFile(class std::basic_string<char,struct std::char_traits<char>,class std::allocator<char> > const &)" (?LoadFromFile@Image@sf@@QAE_NABV?$basic_string@DU?$char_traits@D@std@@V?$allocator@D@2@@std@@@Z) referenced in function "void __cdecl startGraphic(void)" (?startGraphic@@YAXXZ)
     1>main.obj : error LNK2019: unresolved external symbol "public: __thiscall sf::Image::Image(void)" (??0Image@sf@@QAE@XZ) referenced in function "void __cdecl startGraphic(void)" (?startGraphic@@YAXXZ)
     1>main.obj : error LNK2019: unresolved external symbol "public: bool __thiscall sf::Font::LoadFromFile(class std::basic_string<char,struct std::char_traits<char>,class std::allocator<char> > const &,unsigned int,class sf::Unicode::Text const &)" (?LoadFromFile@Font@sf@@QAE_NABV?$basic_string@DU?$char_traits@D@std@@V?$allocator@D@2@@std@@IABVText@Unicode@2@@Z) referenced in function "void __cdecl startGraphic(void)" (?startGraphic@@YAXXZ)
     1>main.obj : error LNK2001: unresolved external symbol "private: static unsigned int * sf::Font::ourDefaultCharset" (?ourDefaultCharset@Font@sf@@0PAIA)
     1>main.obj : error LNK2019: unresolved external symbol "public: virtual __thiscall sf::Drawable::~Drawable(void)" (??1Drawable@sf@@UAE@XZ) referenced in function "public: virtual __thiscall sf::Sprite::~Sprite(void)" (??1Sprite@sf@@UAE@XZ)
     1>main.obj : error LNK2001: unresolved external symbol "public: static class sf::Color const sf::Color::White" (?White@Color@sf@@2V12@B)
     1>main.obj : error LNK2019: unresolved external symbol "public: void __thiscall sf::Drawable::SetColor(class sf::Color const &)" (?SetColor@Drawable@sf@@QAEXABVColor@2@@Z) referenced in function "void __cdecl firstMenu(class sf::RenderWindow &,class sf::Sprite &)" (?firstMenu@@YAXAAVRenderWindow@sf@@AAVSprite@2@@Z)
     1>main.obj : error LNK2001: unresolved external symbol "public: static class sf::Color const sf::Color::Red" (?Red@Color@sf@@2V12@B)
     1>main.obj : error LNK2019: unresolved external symbol "public: __thiscall sf::String::String(class sf::Unicode::Text const &,class sf::Font const &,float)" (??0String@sf@@QAE@ABVText@Unicode@1@ABVFont@1@M@Z) referenced in function "void __cdecl firstMenu(class sf::RenderWindow &,class sf::Sprite &)" (?firstMenu@@YAXAAVRenderWindow@sf@@AAVSprite@2@@Z)
     1>main.obj : error LNK2019: unresolved external symbol "public: void __thiscall sf::Window::Close(void)" (?Close@Window@sf@@QAEXXZ) referenced in function "void __cdecl opMenu(class sf::RenderWindow &,class sf::Sprite &)" (?opMenu@@YAXAAVRenderWindow@sf@@AAVSprite@2@@Z)
     1>main.obj : error LNK2019: unresolved external symbol "public: __thiscall sf::Image::Image(unsigned int,unsigned int,class sf::Color const &)" (??0Image@sf@@QAE@IIABVColor@1@@Z) referenced in function "void __cdecl fade(class sf::RenderWindow &)" (?fade@@YAXAAVRenderWindow@sf@@@Z)
     1>main.obj : error LNK2019: unresolved external symbol "public: virtual void __thiscall sf::RenderTarget::Draw(class sf::Drawable const &)" (?Draw@RenderTarget@sf@@UAEXABVDrawable@2@@Z) referenced in function "bool __cdecl testVideo(short,short)" (?testVideo@@YA_NFF@Z)
     1>main.obj : error LNK2019: unresolved external symbol "public: void __thiscall sf::String::SetStyle(unsigned long)" (?SetStyle@String@sf@@QAEXK@Z) referenced in function "void __cdecl simMenu(class sf::RenderWindow &,struct tCasinoSprites,class sf::Sprite &,class sf::Sprite &)" (?simMenu@@YAXAAVRenderWindow@sf@@UtCasinoSprites@@AAVSprite@2@2@Z)
     1>main.obj : error LNK2001: unresolved external symbol "public: static class sf::Color const sf::Color::Yellow" (?Yellow@Color@sf@@2V12@B)
     1>main.obj : error LNK2019: unresolved external symbol "public: void __thiscall sf::String::SetText(class sf::Unicode::Text const &)" (?SetText@String@sf@@QAEXABVText@Unicode@2@@Z) referenced in function "void __cdecl simMenu(class sf::RenderWindow &,struct tCasinoSprites,class sf::Sprite &,class sf::Sprite &)" (?simMenu@@YAXAAVRenderWindow@sf@@UtCasinoSprites@@AAVSprite@2@2@Z)
     1>main.obj : error LNK2001: unresolved external symbol "public: static class sf::Color const sf::Color::Green" (?Green@Color@sf@@2V12@B)
     1>main.obj : error LNK2001: unresolved external symbol "protected: virtual void __thiscall sf::Sprite::Render(class sf::RenderTarget &)const " (?Render@Sprite@sf@@MBEXAAVRenderTarget@2@@Z)
     1>main.obj : error LNK2001: unresolved external symbol "protected: virtual void __thiscall sf::Shape::Render(class sf::RenderTarget &)const " (?Render@Shape@sf@@MBEXAAVRenderTarget@2@@Z)
     1>main.obj : error LNK2019: unresolved external symbol "public: void __thiscall sf::Drawable::Rotate(float)" (?Rotate@Drawable@sf@@QAEXM@Z) referenced in function "void __cdecl rouletteAnim(class sf::RenderWindow &,class sf::Sprite &,class sf::Sprite &,class sf::Shape &,char)" (?rouletteAnim@@YAXAAVRenderWindow@sf@@AAVSprite@2@1AAVShape@2@D@Z)
     1>main.obj : error LNK2019: unresolved external symbol "public: void __thiscall sf::Drawable::SetCenter(float,float)" (?SetCenter@Drawable@sf@@QAEXMM@Z) referenced in function "void __cdecl rouletteAnim(class sf::RenderWindow &,class sf::Sprite &,class sf::Sprite &,class sf::Shape &,char)" (?rouletteAnim@@YAXAAVRenderWindow@sf@@AAVSprite@2@1AAVShape@2@D@Z)
     1>main.obj : error LNK2019: unresolved external symbol "public: void __thiscall sf::Sprite::SetImage(class sf::Image const &)" (?SetImage@Sprite@sf@@QAEXABVImage@2@@Z) referenced in function "void __cdecl prelude(class sf::RenderWindow &)" (?prelude@@YAXAAVRenderWindow@sf@@@Z)
     1>main.obj : error LNK2019: unresolved external symbol "public: __thiscall sf::Sprite::Sprite(void)" (??0Sprite@sf@@QAE@XZ) referenced in function "void __cdecl prelude(class sf::RenderWindow &)" (?prelude@@YAXAAVRenderWindow@sf@@@Z)
     1>main.obj : error LNK2019: unresolved external symbol "public: __thiscall sf::Font::Font(void)" (??0Font@sf@@QAE@XZ) referenced in function "void __cdecl `dynamic initializer for 'gralFont''(void)" (??__EgralFont@@YAXXZ)
     1>sfml-system-s.lib(Unicode.obj) : error LNK2019: unresolved external symbol "private: static void __cdecl std::locale::facet::facet_Register(class std::locale::facet *)" (?facet_Register@facet@locale@std@@CAXPAV123@@Z) referenced in function "public: void __thiscall std::locale::facet::_Register(void)" (?_Register@facet@locale@std@@QAEXXZ)
     1>sfml-system-s.lib(Unicode.obj) : error LNK2019: unresolved external symbol "__declspec(dllimport) public: __thiscall std::locale::locale(char const *,int)" (__imp_??0locale@std@@QAE@PBDH@Z) referenced in function "class std::locale __cdecl `anonymous namespace'::GetCurrentLocale(void)" (?GetCurrentLocale@?A0xf7357fa0@@YA?AVlocale@std@@XZ)
     1>sfml-system-s.lib(Unicode.obj) : error LNK2019: unresolved external symbol "__declspec(dllimport) public: void __thiscall std::basic_string<char,struct std::char_traits<char>,class std::allocator<char> >::push_back(char)" (__imp_?push_back@?$basic_string@DU?$char_traits@D@std@@V?$allocator@D@2@@std@@QAEXD@Z) referenced in function "public: class std::back_insert_iterator<class std::basic_string<char,struct std::char_traits<char>,class std::allocator<char> > > & __thiscall std::back_insert_iterator<class std::basic_string<char,struct std::char_traits<char>,class std::allocator<char> > >::operator=(char const &)" (??4?$back_insert_iterator@V?$basic_string@DU?$char_traits@D@std@@V?$allocator@D@2@@std@@@std@@QAEAAV01@ABD@Z)
     1>sfml-system-s.lib(Unicode.obj) : error LNK2019: unresolved external symbol "__declspec(dllimport) public: void __thiscall std::basic_string<wchar_t,struct std::char_traits<wchar_t>,class std::allocator<wchar_t> >::push_back(wchar_t)" (__imp_?push_back@?$basic_string@_WU?$char_traits@_W@std@@V?$allocator@_W@2@@std@@QAEX_W@Z) referenced in function "public: class std::back_insert_iterator<class std::basic_string<wchar_t,struct std::char_traits<wchar_t>,class std::allocator<wchar_t> > > & __thiscall std::back_insert_iterator<class std::basic_string<wchar_t,struct std::char_traits<wchar_t>,class std::allocator<wchar_t> > >::operator=(wchar_t const &)" (??4?$back_insert_iterator@V?$basic_string@_WU?$char_traits@_W@std@@V?$allocator@_W@2@@std@@@std@@QAEAAV01@AB_W@Z)
     1>sfml-system-s.lib(Unicode.obj) : error LNK2019: unresolved external symbol "__declspec(dllimport) public: void __thiscall std::basic_string<char,struct std::char_traits<char>,class std::allocator<char> >::reserve(unsigned int)" (__imp_?reserve@?$basic_string@DU?$char_traits@D@std@@V?$allocator@D@2@@std@@QAEXI@Z) referenced in function "public: __thiscall sf::Unicode::Text::operator class std::basic_string<char,struct std::char_traits<char>,class std::allocator<char> >(void)const " (??BText@Unicode@sf@@QBE?AV?$basic_string@DU?$char_traits@D@std@@V?$allocator@D@2@@std@@XZ)
     1>sfml-system-s.lib(Unicode.obj) : error LNK2019: unresolved external symbol "__declspec(dllimport) public: static void __cdecl std::_String_base::_Xran(void)" (__imp_?_Xran@_String_base@std@@SAXXZ) referenced in function "public: class std::basic_string<unsigned char,struct std::char_traits<unsigned char>,class std::allocator<unsigned char> > & __thiscall std::basic_string<unsigned char,struct std::char_traits<unsigned char>,class std::allocator<unsigned char> >::erase(unsigned int,unsigned int)" (?erase@?$basic_string@EU?$char_traits@E@std@@V?$allocator@E@2@@std@@QAEAAV12@II@Z)
     1>sfml-system-s.lib(Unicode.obj) : error LNK2019: unresolved external symbol "__declspec(dllimport) public: __thiscall std::basic_string<wchar_t,struct std::char_traits<wchar_t>,class std::allocator<wchar_t> >::~basic_string<wchar_t,struct std::char_traits<wchar_t>,class std::allocator<wchar_t> >(void)" (__imp_??1?$basic_string@_WU?$char_traits@_W@std@@V?$allocator@_W@2@@std@@QAE@XZ) referenced in function __unwindfunclet$??BText@Unicode@sf@@QBE?AV?$basic_string@_WU?$char_traits@_W@std@@V?$allocator@_W@2@@std@@XZ$0
     1>sfml-system-s.lib(Unicode.obj) : error LNK2019: unresolved external symbol "__declspec(dllimport) public: void __thiscall std::basic_string<wchar_t,struct std::char_traits<wchar_t>,class std::allocator<wchar_t> >::reserve(unsigned int)" (__imp_?reserve@?$basic_string@_WU?$char_traits@_W@std@@V?$allocator@_W@2@@std@@QAEXI@Z) referenced in function "public: __thiscall sf::Unicode::Text::operator class std::basic_string<wchar_t,struct std::char_traits<wchar_t>,class std::allocator<wchar_t> >(void)const " (??BText@Unicode@sf@@QBE?AV?$basic_string@_WU?$char_traits@_W@std@@V?$allocator@_W@2@@std@@XZ)
     1>sfml-system-s.lib(Unicode.obj) : error LNK2019: unresolved external symbol "__declspec(dllimport) public: __thiscall std::basic_string<wchar_t,struct std::char_traits<wchar_t>,class std::allocator<wchar_t> >::basic_string<wchar_t,struct std::char_traits<wchar_t>,class std::allocator<wchar_t> >(void)" (__imp_??0?$basic_string@_WU?$char_traits@_W@std@@V?$allocator@_W@2@@std@@QAE@XZ) referenced in function "public: __thiscall sf::Unicode::Text::operator class std::basic_string<wchar_t,struct std::char_traits<wchar_t>,class std::allocator<wchar_t> >(void)const " (??BText@Unicode@sf@@QBE?AV?$basic_string@_WU?$char_traits@_W@std@@V?$allocator@_W@2@@std@@XZ)
     1>sfml-system-s.lib(Unicode.obj) : error LNK2019: unresolved external symbol "__declspec(dllimport) public: static void __cdecl std::_String_base::_Xlen(void)" (__imp_?_Xlen@_String_base@std@@SAXXZ) referenced in function "protected: bool __thiscall std::basic_string<unsigned int,struct std::char_traits<unsigned int>,class std::allocator<unsigned int> >::_Grow(unsigned int,bool)" (?_Grow@?$basic_string@IU?$char_traits@I@std@@V?$allocator@I@2@@std@@IAE_NI_N@Z)
     1>sfml-system-s.lib(Unicode.obj) : error LNK2019: unresolved external symbol "__declspec(dllimport) public: class std::_String_const_iterator<char,struct std::char_traits<char>,class std::allocator<char> > __thiscall std::basic_string<char,struct std::char_traits<char>,class std::allocator<char> >::begin(void)const " (__imp_?begin@?$basic_string@DU?$char_traits@D@std@@V?$allocator@D@2@@std@@QBE?AV?$_String_const_iterator@DU?$char_traits@D@std@@V?$allocator@D@2@@2@XZ) referenced in function "public: __thiscall sf::Unicode::Text::Text(class std::basic_string<char,struct std::char_traits<char>,class std::allocator<char> > const &)" (??0Text@Unicode@sf@@QAE@ABV?$basic_string@DU?$char_traits@D@std@@V?$allocator@D@2@@std@@@Z)
     1>sfml-system-s.lib(Unicode.obj) : error LNK2019: unresolved external symbol "__declspec(dllimport) public: class std::_String_const_iterator<char,struct std::char_traits<char>,class std::allocator<char> > __thiscall std::basic_string<char,struct std::char_traits<char>,class std::allocator<char> >::end(void)const " (__imp_?end@?$basic_string@DU?$char_traits@D@std@@V?$allocator@D@2@@std@@QBE?AV?$_String_const_iterator@DU?$char_traits@D@std@@V?$allocator@D@2@@2@XZ) referenced in function "public: __thiscall sf::Unicode::Text::Text(class std::basic_string<char,struct std::char_traits<char>,class std::allocator<char> > const &)" (??0Text@Unicode@sf@@QAE@ABV?$basic_string@DU?$char_traits@D@std@@V?$allocator@D@2@@std@@@Z)
     1>sfml-system-s.lib(Unicode.obj) : error LNK2019: unresolved external symbol "__declspec(dllimport) public: class std::_String_const_iterator<wchar_t,struct std::char_traits<wchar_t>,class std::allocator<wchar_t> > __thiscall std::basic_string<wchar_t,struct std::char_traits<wchar_t>,class std::allocator<wchar_t> >::begin(void)const " (__imp_?begin@?$basic_string@_WU?$char_traits@_W@std@@V?$allocator@_W@2@@std@@QBE?AV?$_String_const_iterator@_WU?$char_traits@_W@std@@V?$allocator@_W@2@@2@XZ) referenced in function "public: __thiscall sf::Unicode::Text::Text(class std::basic_string<wchar_t,struct std::char_traits<wchar_t>,class std::allocator<wchar_t> > const &)" (??0Text@Unicode@sf@@QAE@ABV?$basic_string@_WU?$char_traits@_W@std@@V?$allocator@_W@2@@std@@@Z)
     1>sfml-system-s.lib(Unicode.obj) : error LNK2019: unresolved external symbol "__declspec(dllimport) public: class std::_String_const_iterator<wchar_t,struct std::char_traits<wchar_t>,class std::allocator<wchar_t> > __thiscall std::basic_string<wchar_t,struct std::char_traits<wchar_t>,class std::allocator<wchar_t> >::end(void)const " (__imp_?end@?$basic_string@_WU?$char_traits@_W@std@@V?$allocator@_W@2@@std@@QBE?AV?$_String_const_iterator@_WU?$char_traits@_W@std@@V?$allocator@_W@2@@2@XZ) referenced in function "public: __thiscall sf::Unicode::Text::Text(class std::basic_string<wchar_t,struct std::char_traits<wchar_t>,class std::allocator<wchar_t> > const &)" (??0Text@Unicode@sf@@QAE@ABV?$basic_string@_WU?$char_traits@_W@std@@V?$allocator@_W@2@@std@@@Z)
     1>F:\Carpetas de Usuario\Mis Documentos\Visual Studio 2010\Projects\C++\Roulette\Debug\Roulette.exe : fatal error LNK1120: 59 unresolved externals
     1>Done Building Project "F:\Carpetas de Usuario\Mis Documentos\Visual Studio 2010\Projects\C++\Roulette\Roulette\Roulette.vcxproj" (build target(s)) -- FAILED.

Build FAILED.

Time Elapsed 00:00:01.49
