F:\CARPETAS DE USUARIO\MIS DOCUMENTOS\VISUAL STUDIO 2010\PROJECTS\C++\ROULETTE\RELEASE\ROULETTE.EXE
F:\CARPETAS DE USUARIO\MIS DOCUMENTOS\VISUAL STUDIO 2010\PROJECTS\C++\ROULETTE\RELEASE\ROULETTE.PDB
F:\Carpetas de Usuario\Mis Documentos\Visual Studio 2010\Projects\C++\Roulette\Roulette\Release\cl.command.1.tlog
F:\Carpetas de Usuario\Mis Documentos\Visual Studio 2010\Projects\C++\Roulette\Roulette\Release\CL.read.1.tlog
F:\Carpetas de Usuario\Mis Documentos\Visual Studio 2010\Projects\C++\Roulette\Roulette\Release\CL.write.1.tlog
F:\Carpetas de Usuario\Mis Documentos\Visual Studio 2010\Projects\C++\Roulette\Roulette\Release\link.command.1.tlog
F:\Carpetas de Usuario\Mis Documentos\Visual Studio 2010\Projects\C++\Roulette\Roulette\Release\link.read.1.tlog
F:\Carpetas de Usuario\Mis Documentos\Visual Studio 2010\Projects\C++\Roulette\Roulette\Release\link.write.1.tlog
F:\Carpetas de Usuario\Mis Documentos\Visual Studio 2010\Projects\C++\Roulette\Roulette\Release\link-cvtres.read.1.tlog
F:\Carpetas de Usuario\Mis Documentos\Visual Studio 2010\Projects\C++\Roulette\Roulette\Release\link-cvtres.write.1.tlog
F:\CARPETAS DE USUARIO\MIS DOCUMENTOS\VISUAL STUDIO 2010\PROJECTS\C++\ROULETTE\ROULETTE\RELEASE\MAIN.OBJ
F:\Carpetas de Usuario\Mis Documentos\Visual Studio 2010\Projects\C++\Roulette\Roulette\Release\mt.command.1.tlog
F:\Carpetas de Usuario\Mis Documentos\Visual Studio 2010\Projects\C++\Roulette\Roulette\Release\mt.read.1.tlog
F:\Carpetas de Usuario\Mis Documentos\Visual Studio 2010\Projects\C++\Roulette\Roulette\Release\mt.write.1.tlog
F:\Carpetas de Usuario\Mis Documentos\Visual Studio 2010\Projects\C++\Roulette\Roulette\Release\rc.command.1.tlog
F:\Carpetas de Usuario\Mis Documentos\Visual Studio 2010\Projects\C++\Roulette\Roulette\Release\rc.read.1.tlog
F:\Carpetas de Usuario\Mis Documentos\Visual Studio 2010\Projects\C++\Roulette\Roulette\Release\rc.write.1.tlog
F:\CARPETAS DE USUARIO\MIS DOCUMENTOS\VISUAL STUDIO 2010\PROJECTS\C++\ROULETTE\ROULETTE\RELEASE\ROULETTE.EXE.INTERMEDIATE.MANIFEST
F:\CARPETAS DE USUARIO\MIS DOCUMENTOS\VISUAL STUDIO 2010\PROJECTS\C++\ROULETTE\ROULETTE\RELEASE\ROULETTE.RES
F:\CARPETAS DE USUARIO\MIS DOCUMENTOS\VISUAL STUDIO 2010\PROJECTS\C++\ROULETTE\ROULETTE\RELEASE\VC100.PDB
