Build started 06/12/2012 10:31:11 p.m..
     1>Project "F:\Carpetas de Usuario\Mis Documentos\Visual Studio 2010\Projects\C++\Roulette\Roulette\Roulette.vcxproj" on node 2 (build target(s)).
     1>InitializeBuildStatus:
         Creating "Release\Roulette.unsuccessfulbuild" because "AlwaysCreate" was specified.
       ClCompile:
         f:\Utilidades x86\Microsoft Visual Studio 2010\VC\bin\CL.exe /c /Zi /nologo /W3 /WX- /O2 /Oi /Oy- /GL /D SFML_STATIC /D WIN32 /D NDEBUG /D _CONSOLE /D _UNICODE /D UNICODE /Gm- /EHsc /MD /GS /Gy /fp:precise /Zc:wchar_t /Zc:forScope /Fo"Release\\" /Fd"Release\vc100.pdb" /Gd /TP /analyze- /errorReport:prompt ..\..\..\..\..\Programacion\C++\Ruleta\main.cpp
         main.cpp
     1>..\..\..\..\..\Programacion\C++\Ruleta\main.cpp(260): warning C4305: 'argument' : truncation from 'double' to 'float'
     1>..\..\..\..\..\Programacion\C++\Ruleta\main.cpp(329): warning C4305: 'argument' : truncation from 'double' to 'float'
     1>..\..\..\..\..\Programacion\C++\Ruleta\main.cpp(407): warning C4305: 'argument' : truncation from 'double' to 'float'
     1>..\..\..\..\..\Programacion\C++\Ruleta\main.cpp(414): warning C4305: 'argument' : truncation from 'double' to 'float'
     1>..\..\..\..\..\Programacion\C++\Ruleta\main.cpp(510): warning C4305: 'argument' : truncation from 'double' to 'float'
     1>..\..\..\..\..\Programacion\C++\Ruleta\main.cpp(517): warning C4305: 'argument' : truncation from 'double' to 'float'
     1>..\..\..\..\..\Programacion\C++\Ruleta\main.cpp(610): warning C4305: 'argument' : truncation from 'double' to 'float'
     1>..\..\..\..\..\Programacion\C++\Ruleta\main.cpp(661): warning C4390: ';' : empty controlled statement found; is this the intent?
     1>..\..\..\..\..\Programacion\C++\Ruleta\main.cpp(663): warning C4390: ';' : empty controlled statement found; is this the intent?
     1>..\..\..\..\..\Programacion\C++\Ruleta\main.cpp(756): warning C4305: 'argument' : truncation from 'double' to 'float'
     1>..\..\..\..\..\Programacion\C++\Ruleta\main.cpp(763): warning C4305: 'argument' : truncation from 'double' to 'float'
     1>..\..\..\..\..\Programacion\C++\Ruleta\main.cpp(880): warning C4305: 'argument' : truncation from 'double' to 'float'
     1>..\..\..\..\..\Programacion\C++\Ruleta\main.cpp(885): warning C4305: 'argument' : truncation from 'double' to 'float'
     1>..\..\..\..\..\Programacion\C++\Ruleta\main.cpp(906): warning C4305: 'argument' : truncation from 'double' to 'float'
     1>..\..\..\..\..\Programacion\C++\Ruleta\main.cpp(912): warning C4305: 'argument' : truncation from 'double' to 'float'
     1>..\..\..\..\..\Programacion\C++\Ruleta\main.cpp(920): warning C4305: 'argument' : truncation from 'double' to 'float'
     1>..\..\..\..\..\Programacion\C++\Ruleta\main.cpp(928): warning C4305: 'argument' : truncation from 'double' to 'float'
     1>..\..\..\..\..\Programacion\C++\Ruleta\main.cpp(936): warning C4305: 'argument' : truncation from 'double' to 'float'
     1>..\..\..\..\..\Programacion\C++\Ruleta\main.cpp(944): warning C4305: 'argument' : truncation from 'double' to 'float'
     1>..\..\..\..\..\Programacion\C++\Ruleta\main.cpp(952): warning C4305: 'argument' : truncation from 'double' to 'float'
     1>..\..\..\..\..\Programacion\C++\Ruleta\main.cpp(960): warning C4305: 'argument' : truncation from 'double' to 'float'
     1>..\..\..\..\..\Programacion\C++\Ruleta\main.cpp(968): warning C4305: 'argument' : truncation from 'double' to 'float'
     1>..\..\..\..\..\Programacion\C++\Ruleta\main.cpp(974): warning C4305: 'argument' : truncation from 'double' to 'float'
     1>..\..\..\..\..\Programacion\C++\Ruleta\main.cpp(987): warning C4305: 'argument' : truncation from 'double' to 'float'
     1>..\..\..\..\..\Programacion\C++\Ruleta\main.cpp(995): warning C4305: 'argument' : truncation from 'double' to 'float'
     1>..\..\..\..\..\Programacion\C++\Ruleta\main.cpp(1003): warning C4305: 'argument' : truncation from 'double' to 'float'
     1>..\..\..\..\..\Programacion\C++\Ruleta\main.cpp(1011): warning C4305: 'argument' : truncation from 'double' to 'float'
     1>..\..\..\..\..\Programacion\C++\Ruleta\main.cpp(1019): warning C4305: 'argument' : truncation from 'double' to 'float'
     1>..\..\..\..\..\Programacion\C++\Ruleta\main.cpp(1027): warning C4305: 'argument' : truncation from 'double' to 'float'
     1>..\..\..\..\..\Programacion\C++\Ruleta\main.cpp(1035): warning C4305: 'argument' : truncation from 'double' to 'float'
     1>..\..\..\..\..\Programacion\C++\Ruleta\main.cpp(1046): warning C4305: 'argument' : truncation from 'double' to 'float'
     1>..\..\..\..\..\Programacion\C++\Ruleta\main.cpp(1058): warning C4305: 'argument' : truncation from 'double' to 'float'
     1>..\..\..\..\..\Programacion\C++\Ruleta\main.cpp(1067): warning C4305: 'argument' : truncation from 'double' to 'float'
     1>..\..\..\..\..\Programacion\C++\Ruleta\main.cpp(1082): warning C4305: 'argument' : truncation from 'double' to 'float'
     1>..\..\..\..\..\Programacion\C++\Ruleta\main.cpp(1091): warning C4305: 'argument' : truncation from 'double' to 'float'
     1>..\..\..\..\..\Programacion\C++\Ruleta\main.cpp(1103): warning C4305: 'argument' : truncation from 'double' to 'float'
     1>..\..\..\..\..\Programacion\C++\Ruleta\main.cpp(1109): warning C4305: 'argument' : truncation from 'double' to 'float'
     1>..\..\..\..\..\Programacion\C++\Ruleta\main.cpp(1115): warning C4305: 'argument' : truncation from 'double' to 'float'
     1>..\..\..\..\..\Programacion\C++\Ruleta\main.cpp(1121): warning C4305: 'argument' : truncation from 'double' to 'float'
     1>..\..\..\..\..\Programacion\C++\Ruleta\main.cpp(1127): warning C4305: 'argument' : truncation from 'double' to 'float'
     1>..\..\..\..\..\Programacion\C++\Ruleta\main.cpp(1133): warning C4305: 'argument' : truncation from 'double' to 'float'
     1>..\..\..\..\..\Programacion\C++\Ruleta\main.cpp(1139): warning C4305: 'argument' : truncation from 'double' to 'float'
     1>..\..\..\..\..\Programacion\C++\Ruleta\main.cpp(1145): warning C4305: 'argument' : truncation from 'double' to 'float'
     1>..\..\..\..\..\Programacion\C++\Ruleta\main.cpp(1151): warning C4305: 'argument' : truncation from 'double' to 'float'
     1>..\..\..\..\..\Programacion\C++\Ruleta\main.cpp(1160): warning C4305: 'argument' : truncation from 'double' to 'float'
     1>..\..\..\..\..\Programacion\C++\Ruleta\main.cpp(1173): warning C4244: 'argument' : conversion from 'int' to 'float', possible loss of data
     1>..\..\..\..\..\Programacion\C++\Ruleta\main.cpp(1173): warning C4244: 'argument' : conversion from 'int' to 'float', possible loss of data
     1>..\..\..\..\..\Programacion\C++\Ruleta\main.cpp(1175): warning C4244: 'argument' : conversion from 'int' to 'float', possible loss of data
     1>..\..\..\..\..\Programacion\C++\Ruleta\main.cpp(1175): warning C4244: 'argument' : conversion from 'int' to 'float', possible loss of data
     1>..\..\..\..\..\Programacion\C++\Ruleta\main.cpp(1181): warning C4244: 'argument' : conversion from 'int' to 'float', possible loss of data
     1>..\..\..\..\..\Programacion\C++\Ruleta\main.cpp(1181): warning C4244: 'argument' : conversion from 'int' to 'float', possible loss of data
     1>..\..\..\..\..\Programacion\C++\Ruleta\main.cpp(1183): warning C4244: 'argument' : conversion from 'int' to 'float', possible loss of data
     1>..\..\..\..\..\Programacion\C++\Ruleta\main.cpp(1183): warning C4244: 'argument' : conversion from 'int' to 'float', possible loss of data
     1>..\..\..\..\..\Programacion\C++\Ruleta\main.cpp(1188): warning C4244: 'argument' : conversion from 'int' to 'float', possible loss of data
     1>..\..\..\..\..\Programacion\C++\Ruleta\main.cpp(1188): warning C4244: 'argument' : conversion from 'int' to 'float', possible loss of data
     1>..\..\..\..\..\Programacion\C++\Ruleta\main.cpp(1190): warning C4244: 'argument' : conversion from 'int' to 'float', possible loss of data
     1>..\..\..\..\..\Programacion\C++\Ruleta\main.cpp(1190): warning C4244: 'argument' : conversion from 'int' to 'float', possible loss of data
     1>..\..\..\..\..\Programacion\C++\Ruleta\main.cpp(1194): warning C4244: 'argument' : conversion from 'int' to 'float', possible loss of data
     1>..\..\..\..\..\Programacion\C++\Ruleta\main.cpp(1194): warning C4244: 'argument' : conversion from 'int' to 'float', possible loss of data
     1>..\..\..\..\..\Programacion\C++\Ruleta\main.cpp(1196): warning C4244: 'argument' : conversion from 'int' to 'float', possible loss of data
     1>..\..\..\..\..\Programacion\C++\Ruleta\main.cpp(1196): warning C4244: 'argument' : conversion from 'int' to 'float', possible loss of data
     1>..\..\..\..\..\Programacion\C++\Ruleta\main.cpp(1209): warning C4305: 'argument' : truncation from 'double' to 'float'
     1>..\..\..\..\..\Programacion\C++\Ruleta\main.cpp(1226): warning C4244: 'argument' : conversion from 'int' to 'float', possible loss of data
     1>..\..\..\..\..\Programacion\C++\Ruleta\main.cpp(1228): warning C4244: 'argument' : conversion from 'int' to 'float', possible loss of data
     1>..\..\..\..\..\Programacion\C++\Ruleta\main.cpp(1255): warning C4305: 'argument' : truncation from 'double' to 'float'
     1>..\..\..\..\..\Programacion\C++\Ruleta\main.cpp(1286): warning C4305: 'argument' : truncation from 'double' to 'float'
     1>..\..\..\..\..\Programacion\C++\Ruleta\main.cpp(1344): warning C4305: 'argument' : truncation from 'double' to 'float'
     1>..\..\..\..\..\Programacion\C++\Ruleta\main.cpp(1351): warning C4305: 'argument' : truncation from 'double' to 'float'
     1>..\..\..\..\..\Programacion\C++\Ruleta\main.cpp(1361): warning C4305: 'argument' : truncation from 'double' to 'float'
     1>..\..\..\..\..\Programacion\C++\Ruleta\main.cpp(1371): warning C4305: 'argument' : truncation from 'double' to 'float'
     1>..\..\..\..\..\Programacion\C++\Ruleta\main.cpp(1381): warning C4305: 'argument' : truncation from 'double' to 'float'
     1>..\..\..\..\..\Programacion\C++\Ruleta\main.cpp(1391): warning C4305: 'argument' : truncation from 'double' to 'float'
     1>..\..\..\..\..\Programacion\C++\Ruleta\main.cpp(1401): warning C4305: 'argument' : truncation from 'double' to 'float'
     1>..\..\..\..\..\Programacion\C++\Ruleta\main.cpp(1411): warning C4305: 'argument' : truncation from 'double' to 'float'
     1>..\..\..\..\..\Programacion\C++\Ruleta\main.cpp(1421): warning C4305: 'argument' : truncation from 'double' to 'float'
     1>..\..\..\..\..\Programacion\C++\Ruleta\main.cpp(1431): warning C4305: 'argument' : truncation from 'double' to 'float'
     1>..\..\..\..\..\Programacion\C++\Ruleta\main.cpp(1441): warning C4305: 'argument' : truncation from 'double' to 'float'
     1>..\..\..\..\..\Programacion\C++\Ruleta\main.cpp(1451): warning C4305: 'argument' : truncation from 'double' to 'float'
     1>..\..\..\..\..\Programacion\C++\Ruleta\main.cpp(1468): warning C4305: 'argument' : truncation from 'double' to 'float'
     1>..\..\..\..\..\Programacion\C++\Ruleta\main.cpp(1570): warning C4244: '=' : conversion from 'double' to 'short', possible loss of data
     1>..\..\..\..\..\Programacion\C++\Ruleta\main.cpp(1576): warning C4244: '=' : conversion from 'double' to 'short', possible loss of data
     1>..\..\..\..\..\Programacion\C++\Ruleta\main.cpp(1581): warning C4244: '=' : conversion from 'double' to 'short', possible loss of data
     1>..\..\..\..\..\Programacion\C++\Ruleta\main.cpp(1670): warning C4244: 'argument' : conversion from 'time_t' to 'unsigned int', possible loss of data
     1>..\..\..\..\..\Programacion\C++\Ruleta\main.cpp(1788): warning C4390: ';' : empty controlled statement found; is this the intent?
     1>..\..\..\..\..\Programacion\C++\Ruleta\main.cpp(2048): warning C4244: 'argument' : conversion from 'int' to 'float', possible loss of data
     1>..\..\..\..\..\Programacion\C++\Ruleta\main.cpp(2056): warning C4244: 'argument' : conversion from 'double' to 'float', possible loss of data
     1>..\..\..\..\..\Programacion\C++\Ruleta\main.cpp(2058): warning C4244: 'argument' : conversion from 'double' to 'float', possible loss of data
     1>..\..\..\..\..\Programacion\C++\Ruleta\main.cpp(2058): warning C4244: 'argument' : conversion from 'double' to 'float', possible loss of data
     1>..\..\..\..\..\Programacion\C++\Ruleta\main.cpp(2059): warning C4244: 'argument' : conversion from 'int' to 'float', possible loss of data
     1>..\..\..\..\..\Programacion\C++\Ruleta\main.cpp(2066): warning C4305: 'argument' : truncation from 'double' to 'float'
     1>..\..\..\..\..\Programacion\C++\Ruleta\main.cpp(2069): warning C4305: 'argument' : truncation from 'double' to 'float'
     1>..\..\..\..\..\Programacion\C++\Ruleta\main.cpp(2081): warning C4244: '=' : conversion from 'double' to 'int', possible loss of data
     1>..\..\..\..\..\Programacion\C++\Ruleta\main.cpp(2193): warning C4305: 'argument' : truncation from 'double' to 'float'
     1>..\..\..\..\..\Programacion\C++\Ruleta\main.cpp(2197): warning C4305: 'argument' : truncation from 'double' to 'float'
     1>..\..\..\..\..\Programacion\C++\Ruleta\main.cpp(2220): warning C4305: 'argument' : truncation from 'double' to 'float'
     1>..\..\..\..\..\Programacion\C++\Ruleta\main.cpp(2223): warning C4305: 'argument' : truncation from 'double' to 'float'
       ResourceCompile:
         C:\Program Files (x86)\Microsoft SDKs\Windows\v7.0A\bin\rc.exe /D _UNICODE /D UNICODE /l"0x0409" /nologo /fo"Release\Roulette.res" Roulette.rc 
       Link:
         f:\Utilidades x86\Microsoft Visual Studio 2010\VC\bin\link.exe /ERRORREPORT:PROMPT /OUT:"F:\Carpetas de Usuario\Mis Documentos\Visual Studio 2010\Projects\C++\Roulette\Release\Roulette.exe" /INCREMENTAL:NO /NOLOGO "sfml-graphics-s.lib" "sfml-system-s.lib" "sfml-window-s.lib" kernel32.lib user32.lib gdi32.lib winspool.lib comdlg32.lib advapi32.lib shell32.lib ole32.lib oleaut32.lib uuid.lib odbc32.lib odbccp32.lib /MANIFEST /ManifestFile:"Release\Roulette.exe.intermediate.manifest" /MANIFESTUAC:"level='asInvoker' uiAccess='false'" /DEBUG /PDB:"F:\Carpetas de Usuario\Mis Documentos\Visual Studio 2010\Projects\C++\Roulette\Release\Roulette.pdb" /SUBSYSTEM:CONSOLE /OPT:REF /OPT:ICF /LTCG /TLBID:1 /DYNAMICBASE /NXCOMPAT /IMPLIB:"F:\Carpetas de Usuario\Mis Documentos\Visual Studio 2010\Projects\C++\Roulette\Release\Roulette.lib" /MACHINE:X86 Release\Roulette.res
         Release\main.obj
     1>LINK : warning LNK4098: defaultlib 'LIBCMT' conflicts with use of other libs; use /NODEFAULTLIB:library
         Generating code
         Finished generating code
         Roulette.vcxproj -> F:\Carpetas de Usuario\Mis Documentos\Visual Studio 2010\Projects\C++\Roulette\Release\Roulette.exe
       Manifest:
         C:\Program Files (x86)\Microsoft SDKs\Windows\v7.0A\bin\mt.exe /nologo /verbose /outputresource:"F:\Carpetas de Usuario\Mis Documentos\Visual Studio 2010\Projects\C++\Roulette\Release\Roulette.exe;#1" /manifest Release\Roulette.exe.intermediate.manifest
       FinalizeBuildStatus:
         Deleting file "Release\Roulette.unsuccessfulbuild".
         Touching "Release\Roulette.lastbuildstate".
     1>Done Building Project "F:\Carpetas de Usuario\Mis Documentos\Visual Studio 2010\Projects\C++\Roulette\Roulette\Roulette.vcxproj" (build target(s)).

Build succeeded.

Time Elapsed 00:00:02.79
